<?xml version="1.0" encoding="UTF-8"?>
<!-- Generated by org.testng.reporters.JUnitReportReporter -->
<testsuite hostname="FVFHXGV6Q6LR" failures="0" tests="4" name="com_tests.TestNGc2" time="0.010" errors="0" timestamp="2023-05-10T11:09:00 IST" skipped="0">
  <testcase classname="com_tests.TestNGc2" name="C" time="0.003"/>
  <system-out/>
  <testcase classname="com_tests.TestNGc2" name="D" time="0.003"/>
  <system-out/>
  <testcase classname="com_tests.TestNGc2" name="C" time="0.002"/>
  <system-out/>
  <testcase classname="com_tests.TestNGc2" name="D" time="0.002"/>
  <system-out/>
</testsuite> <!-- com_tests.TestNGc2 -->
